Start testing: Sep 27 13:24 CEST
----------------------------------------------------------
1/1 Testing: WorldTest
1/1 Test: WorldTest
Command: "/home/jacob/centralised-ai/build/world_test"
Directory: /home/jacob/centralised-ai/build
"WorldTest" start time: Sep 27 13:24 CEST
Output:
----------------------------------------------------------
[==========] Running 4 tests from 1 test suite.
[----------] Global test environment set-up.
[----------] 4 tests from WorldTest
[ RUN      ] WorldTest.InitialWorldState
[       OK ] WorldTest.InitialWorldState (0 ms)
[ RUN      ] WorldTest.AddRobot
[       OK ] WorldTest.AddRobot (0 ms)
[ RUN      ] WorldTest.ChangeGameState
[       OK ] WorldTest.ChangeGameState (0 ms)
[ RUN      ] WorldTest.BallMovement
[       OK ] WorldTest.BallMovement (0 ms)
[----------] 4 tests from WorldTest (0 ms total)

[----------] Global test environment tear-down
[==========] 4 tests from 1 test suite ran. (0 ms total)
[  PASSED  ] 4 tests.
<end of output>
Test time =   0.00 sec
----------------------------------------------------------
Test Passed.
"WorldTest" end time: Sep 27 13:24 CEST
"WorldTest" time elapsed: 00:00:00
----------------------------------------------------------

End testing: Sep 27 13:24 CEST
